Node list                    : node060
Number of nodes allocated    : 1 or 1
Number of threads or processes          : 
Number of processes per node : 5
Requested tasks per node     : 
Requested CPUs per task      : 8
Scheduling priority          : 0
compiling omp.c to omp.exe

------------------------------------
using 8 OpenMP threads


Multiple execution..


Run 1
The size of the matrix is 200
----Gaussian Elimination in OMP-----
The eliminated matrix is consistent.
------------------------------------
Elapsed time: 0.015507 s.
Number of threads: 8
------------------------------------
Run 2
The size of the matrix is 400
----Gaussian Elimination in OMP-----
The eliminated matrix is consistent.
------------------------------------
Elapsed time: 0.038720 s.
Number of threads: 8
------------------------------------
Run 3
The size of the matrix is 600
----Gaussian Elimination in OMP-----
The eliminated matrix is consistent.
------------------------------------
Elapsed time: 0.082735 s.
Number of threads: 8
------------------------------------
Run 4
The size of the matrix is 800
----Gaussian Elimination in OMP-----
The eliminated matrix is consistent.
------------------------------------
Elapsed time: 0.121378 s.
Number of threads: 8
------------------------------------
Run 5
The size of the matrix is 1000
----Gaussian Elimination in OMP-----
The eliminated matrix is consistent.
------------------------------------
Elapsed time: 0.171538 s.
Number of threads: 8
------------------------------------
