Node list                    : node060
Number of nodes allocated    : 1 or 1
Number of threads or processes          : 
Number of processes per node : 2
Requested tasks per node     : 
Requested CPUs per task      : 16
Scheduling priority          : 0
compiling omp.c to omp.exe

------------------------------------
using 16 OpenMP threads


Multiple execution..


Run 1
The size of the matrix is 200
----Gaussian Elimination in OMP-----
The eliminated matrix is consistent.
------------------------------------
Elapsed time: 0.053011 s.
Number of threads: 16
------------------------------------
Run 2
The size of the matrix is 400
----Gaussian Elimination in OMP-----
The eliminated matrix is consistent.
------------------------------------
Elapsed time: 0.030817 s.
Number of threads: 16
------------------------------------
Run 3
The size of the matrix is 600
----Gaussian Elimination in OMP-----
The eliminated matrix is consistent.
------------------------------------
Elapsed time: 0.055735 s.
Number of threads: 16
------------------------------------
Run 4
The size of the matrix is 800
----Gaussian Elimination in OMP-----
The eliminated matrix is consistent.
------------------------------------
Elapsed time: 0.109465 s.
Number of threads: 16
------------------------------------
Run 5
The size of the matrix is 1000
----Gaussian Elimination in OMP-----
The eliminated matrix is consistent.
------------------------------------
Elapsed time: 0.141100 s.
Number of threads: 16
------------------------------------
