Node list                    : node060
Number of nodes allocated    : 1 or 1
Number of threads or processes          : 
Number of processes per node : 10
Requested tasks per node     : 
Requested CPUs per task      : 4
Scheduling priority          : 0
compiling omp.c to omp.exe

------------------------------------
using 4 OpenMP threads


Multiple execution..


Run 1
The size of the matrix is 200
----Gaussian Elimination in OMP-----
The eliminated matrix is consistent.
------------------------------------
Elapsed time: 0.019584 s.
Number of threads: 4
------------------------------------
Run 2
The size of the matrix is 400
----Gaussian Elimination in OMP-----
The eliminated matrix is consistent.
------------------------------------
Elapsed time: 0.061644 s.
Number of threads: 4
------------------------------------
Run 3
The size of the matrix is 600
----Gaussian Elimination in OMP-----
The eliminated matrix is consistent.
------------------------------------
Elapsed time: 0.134677 s.
Number of threads: 4
------------------------------------
Run 4
The size of the matrix is 800
----Gaussian Elimination in OMP-----
The eliminated matrix is consistent.
------------------------------------
Elapsed time: 0.257992 s.
Number of threads: 4
------------------------------------
Run 5
The size of the matrix is 1000
----Gaussian Elimination in OMP-----
The eliminated matrix is consistent.
------------------------------------
Elapsed time: 0.375764 s.
Number of threads: 4
------------------------------------
