Node list                    : node060
Number of nodes allocated    : 1 or 1
Number of processes          : 2
Number of processes per node : 2
Requested tasks per node     : 
Requested CPUs per task      : 
Scheduling priority          : 0
compiling mpi.c to mpi.exe





Process 1
The size of the matrix is 200
----Gaussian Elimination in MPI-----
The eliminated matrix is consistent.
------------------------------------
Elapsed time: 0.034423 s.
Communication time: 0.024966 s.
Computation time: 0.007194 s.
------------------------------------



Process 2
The size of the matrix is 400
----Gaussian Elimination in MPI-----
The eliminated matrix is consistent.
------------------------------------
Elapsed time: 0.146394 s.
Communication time: 0.099666 s.
Computation time: 0.047493 s.
------------------------------------



Process 3
The size of the matrix is 600
----Gaussian Elimination in MPI-----
The eliminated matrix is consistent.
------------------------------------
Elapsed time: 0.363591 s.
Communication time: 0.233108 s.
Computation time: 0.125339 s.
------------------------------------



Process 4
The size of the matrix is 800
----Gaussian Elimination in MPI-----
The eliminated matrix is consistent.
------------------------------------
Elapsed time: 0.724551 s.
Communication time: 0.441405 s.
Computation time: 0.266835 s.
------------------------------------



Process 5
The size of the matrix is 1000
----Gaussian Elimination in MPI-----
The eliminated matrix is consistent.
------------------------------------
Elapsed time: 1.357671 s.
Communication time: 0.824353 s.
Computation time: 0.497680 s.
------------------------------------


