Node list                    : node060
Number of nodes allocated    : 1 or 1
Number of threads or processes          : 
Number of processes per node : 20
Requested tasks per node     : 
Requested CPUs per task      : 2
Scheduling priority          : 0
compiling omp.c to omp.exe

------------------------------------
using 2 OpenMP threads


Multiple execution..


Run 1
The size of the matrix is 200
----Gaussian Elimination in OMP-----
The eliminated matrix is consistent.
------------------------------------
Elapsed time: 0.018796 s.
Number of threads: 2
------------------------------------
Run 2
The size of the matrix is 400
----Gaussian Elimination in OMP-----
The eliminated matrix is consistent.
------------------------------------
Elapsed time: 0.079855 s.
Number of threads: 2
------------------------------------
Run 3
The size of the matrix is 600
----Gaussian Elimination in OMP-----
The eliminated matrix is consistent.
------------------------------------
Elapsed time: 0.184341 s.
Number of threads: 2
------------------------------------
Run 4
The size of the matrix is 800
----Gaussian Elimination in OMP-----
The eliminated matrix is consistent.
------------------------------------
Elapsed time: 0.396432 s.
Number of threads: 2
------------------------------------
Run 5
The size of the matrix is 1000
----Gaussian Elimination in OMP-----
The eliminated matrix is consistent.
------------------------------------
Elapsed time: 0.602997 s.
Number of threads: 2
------------------------------------
