Node list                    : node060
Number of nodes allocated    : 1 or 1
Number of processes          : 16
Number of processes per node : 16
Requested tasks per node     : 
Requested CPUs per task      : 
Scheduling priority          : 0
compiling mpi.c to mpi.exe





Process 1
The size of the matrix is 200
----Gaussian Elimination in MPI-----
The eliminated matrix is consistent.
------------------------------------
Elapsed time: 0.040469 s.
Communication time: 0.035709 s.
Computation time: 0.000857 s.
------------------------------------



Process 2
The size of the matrix is 400
----Gaussian Elimination in MPI-----
The eliminated matrix is consistent.
------------------------------------
Elapsed time: 0.175786 s.
Communication time: 0.157676 s.
Computation time: 0.006517 s.
------------------------------------



Process 3
The size of the matrix is 600
----Gaussian Elimination in MPI-----
The eliminated matrix is consistent.
------------------------------------
Elapsed time: 0.464149 s.
Communication time: 0.418724 s.
Computation time: 0.017004 s.
------------------------------------



Process 4
The size of the matrix is 800
----Gaussian Elimination in MPI-----
The eliminated matrix is consistent.
------------------------------------
Elapsed time: 0.988452 s.
Communication time: 0.905558 s.
Computation time: 0.037496 s.
------------------------------------



Process 5
The size of the matrix is 1000
----Gaussian Elimination in MPI-----
The eliminated matrix is consistent.
------------------------------------
Elapsed time: 1.849933 s.
Communication time: 1.711480 s.
Computation time: 0.071353 s.
------------------------------------


